<?xml version="1.0" encoding="UTF-8"?>
<!-- Generated by org.testng.reporters.JUnitReportReporter -->
<testsuite hostname="LAPTOP-J1GQ8DKK" failures="0" tests="3" name="org.stepDefination.TestRunnerDemo" time="34.377" errors="0" timestamp="2025-02-12T18:31:29 IST" skipped="0">
  <testcase classname="org.stepDefination.TestRunnerDemo" name="runScenario" time="8.681"/>
  <testcase classname="org.stepDefination.TestRunnerDemo" name="runScenario" time="11.719"/>
  <testcase classname="org.stepDefination.TestRunnerDemo" name="runScenario" time="13.977"/>
</testsuite> <!-- org.stepDefination.TestRunnerDemo -->
